{"/Users/subhani/Desktop/Own-projects/Task/yavar/backend/controllers/HrAnalyticsController.js": {"path":"/Users/subhani/Desktop/Own-projects/Task/yavar/backend/controllers/HrAnalyticsController.js","statementMap":{"0":{"start":{"line":6,"column":4},"end":{"line":6,"column":36}}},"fnMap":{"0":{"name":"(anonymous_0)","decl":{"start":{"line":5,"column":2},"end":{"line":5,"column":3}},"loc":{"start":{"line":5,"column":16},"end":{"line":7,"column":3}},"line":5}},"branchMap":{},"s":{"0":1},"f":{"0":1},"b":{},"_coverageSchema":"1a1c01bbd47fc00a2c39e90264f33305004495a9","hash":"4ffe7292975e27607d497674383d967a99044421"}
,"/Users/subhani/Desktop/Own-projects/Task/yavar/backend/controllers/NetflixController.js": {"path":"/Users/subhani/Desktop/Own-projects/Task/yavar/backend/controllers/NetflixController.js","statementMap":{"0":{"start":{"line":6,"column":4},"end":{"line":6,"column":31}}},"fnMap":{"0":{"name":"(anonymous_0)","decl":{"start":{"line":5,"column":2},"end":{"line":5,"column":3}},"loc":{"start":{"line":5,"column":16},"end":{"line":7,"column":3}},"line":5}},"branchMap":{},"s":{"0":1},"f":{"0":1},"b":{},"_coverageSchema":"1a1c01bbd47fc00a2c39e90264f33305004495a9","hash":"113a02f1a35b9fcd44110c18c108e9139100c14c"}
,"/Users/subhani/Desktop/Own-projects/Task/yavar/backend/controllers/SalesController.js": {"path":"/Users/subhani/Desktop/Own-projects/Task/yavar/backend/controllers/SalesController.js","statementMap":{"0":{"start":{"line":6,"column":4},"end":{"line":6,"column":29}}},"fnMap":{"0":{"name":"(anonymous_0)","decl":{"start":{"line":5,"column":2},"end":{"line":5,"column":3}},"loc":{"start":{"line":5,"column":16},"end":{"line":7,"column":3}},"line":5}},"branchMap":{},"s":{"0":1},"f":{"0":1},"b":{},"_coverageSchema":"1a1c01bbd47fc00a2c39e90264f33305004495a9","hash":"1946d21e50afe92df66df97dbc3e7144a682c50e"}
,"/Users/subhani/Desktop/Own-projects/Task/yavar/backend/db/connection.js": {"path":"/Users/subhani/Desktop/Own-projects/Task/yavar/backend/db/connection.js","statementMap":{"0":{"start":{"line":4,"column":0},"end":{"line":4,"column":16}},"1":{"start":{"line":6,"column":20},"end":{"line":6,"column":78}},"2":{"start":{"line":7,"column":15},"end":{"line":7,"column":43}},"3":{"start":{"line":9,"column":9},"end":{"line":9,"column":13}},"4":{"start":{"line":12,"column":2},"end":{"line":20,"column":3}},"5":{"start":{"line":13,"column":4},"end":{"line":13,"column":27}},"6":{"start":{"line":14,"column":4},"end":{"line":14,"column":21}},"7":{"start":{"line":15,"column":4},"end":{"line":15,"column":40}},"8":{"start":{"line":16,"column":4},"end":{"line":16,"column":14}},"9":{"start":{"line":18,"column":4},"end":{"line":18,"column":54}},"10":{"start":{"line":19,"column":4},"end":{"line":19,"column":20}},"11":{"start":{"line":24,"column":2},"end":{"line":26,"column":3}},"12":{"start":{"line":25,"column":4},"end":{"line":25,"column":73}},"13":{"start":{"line":27,"column":2},"end":{"line":27,"column":12}},"14":{"start":{"line":31,"column":2},"end":{"line":31,"column":23}},"15":{"start":{"line":32,"column":2},"end":{"line":32,"column":43}},"16":{"start":{"line":36,"column":27},"end":{"line":40,"column":1}}},"fnMap":{"0":{"name":"connectDB","decl":{"start":{"line":11,"column":22},"end":{"line":11,"column":31}},"loc":{"start":{"line":11,"column":34},"end":{"line":21,"column":1}},"line":11},"1":{"name":"getDB","decl":{"start":{"line":23,"column":16},"end":{"line":23,"column":21}},"loc":{"start":{"line":23,"column":24},"end":{"line":28,"column":1}},"line":23},"2":{"name":"closeDB","decl":{"start":{"line":30,"column":22},"end":{"line":30,"column":29}},"loc":{"start":{"line":30,"column":32},"end":{"line":33,"column":1}},"line":30}},"branchMap":{"0":{"loc":{"start":{"line":6,"column":20},"end":{"line":6,"column":78}},"type":"binary-expr","locations":[{"start":{"line":6,"column":20},"end":{"line":6,"column":43}},{"start":{"line":6,"column":47},"end":{"line":6,"column":78}}],"line":6},"1":{"loc":{"start":{"line":24,"column":2},"end":{"line":26,"column":3}},"type":"if","locations":[{"start":{"line":24,"column":2},"end":{"line":26,"column":3}},{"start":{},"end":{}}],"line":24}},"s":{"0":1,"1":1,"2":1,"3":1,"4":2,"5":2,"6":1,"7":1,"8":1,"9":1,"10":1,"11":2,"12":1,"13":1,"14":1,"15":1,"16":1},"f":{"0":2,"1":2,"2":1},"b":{"0":[1,1],"1":[1,1]},"_coverageSchema":"1a1c01bbd47fc00a2c39e90264f33305004495a9","hash":"c19fbd57320922791ea6c4be7f5be73026a2fcd4"}
,"/Users/subhani/Desktop/Own-projects/Task/yavar/backend/db/schemas.js": {"path":"/Users/subhani/Desktop/Own-projects/Task/yavar/backend/db/schemas.js","statementMap":{"0":{"start":{"line":4,"column":23},"end":{"line":116,"column":1}},"1":{"start":{"line":120,"column":17},"end":{"line":120,"column":37}},"2":{"start":{"line":121,"column":2},"end":{"line":123,"column":3}},"3":{"start":{"line":122,"column":4},"end":{"line":122,"column":68}},"4":{"start":{"line":124,"column":2},"end":{"line":124,"column":16}},"5":{"start":{"line":129,"column":2},"end":{"line":132,"column":6}},"6":{"start":{"line":129,"column":44},"end":{"line":132,"column":3}}},"fnMap":{"0":{"name":"getSchema","decl":{"start":{"line":119,"column":16},"end":{"line":119,"column":25}},"loc":{"start":{"line":119,"column":39},"end":{"line":125,"column":1}},"line":119},"1":{"name":"getAvailableDatasets","decl":{"start":{"line":128,"column":16},"end":{"line":128,"column":36}},"loc":{"start":{"line":128,"column":39},"end":{"line":133,"column":1}},"line":128},"2":{"name":"(anonymous_2)","decl":{"start":{"line":129,"column":34},"end":{"line":129,"column":35}},"loc":{"start":{"line":129,"column":44},"end":{"line":132,"column":3}},"line":129}},"branchMap":{"0":{"loc":{"start":{"line":121,"column":2},"end":{"line":123,"column":3}},"type":"if","locations":[{"start":{"line":121,"column":2},"end":{"line":123,"column":3}},{"start":{},"end":{}}],"line":121}},"s":{"0":3,"1":4,"2":4,"3":1,"4":3,"5":1,"6":3},"f":{"0":4,"1":1,"2":3},"b":{"0":[1,3]},"_coverageSchema":"1a1c01bbd47fc00a2c39e90264f33305004495a9","hash":"2df520f2698da397fedc946e119be2c3dc40ee9c"}
,"/Users/subhani/Desktop/Own-projects/Task/yavar/backend/helper/RestController.js": {"path":"/Users/subhani/Desktop/Own-projects/Task/yavar/backend/helper/RestController.js","statementMap":{"0":{"start":{"line":8,"column":4},"end":{"line":8,"column":41}},"1":{"start":{"line":13,"column":4},"end":{"line":13,"column":16}},"2":{"start":{"line":23,"column":4},"end":{"line":23,"column":16}},"3":{"start":{"line":34,"column":11},"end":{"line":62,"column":3}},"4":{"start":{"line":35,"column":4},"end":{"line":61,"column":5}},"5":{"start":{"line":36,"column":38},"end":{"line":36,"column":51}},"6":{"start":{"line":38,"column":6},"end":{"line":43,"column":9}},"7":{"start":{"line":45,"column":21},"end":{"line":49,"column":8}},"8":{"start":{"line":51,"column":6},"end":{"line":54,"column":8}},"9":{"start":{"line":56,"column":6},"end":{"line":56,"column":31}},"10":{"start":{"line":57,"column":6},"end":{"line":60,"column":9}},"11":{"start":{"line":67,"column":12},"end":{"line":101,"column":3}},"12":{"start":{"line":68,"column":4},"end":{"line":100,"column":5}},"13":{"start":{"line":69,"column":21},"end":{"line":69,"column":35}},"14":{"start":{"line":71,"column":6},"end":{"line":74,"column":9}},"15":{"start":{"line":76,"column":21},"end":{"line":76,"column":75}},"16":{"start":{"line":78,"column":6},"end":{"line":88,"column":7}},"17":{"start":{"line":79,"column":8},"end":{"line":82,"column":11}},"18":{"start":{"line":84,"column":8},"end":{"line":87,"column":11}},"19":{"start":{"line":90,"column":6},"end":{"line":93,"column":8}},"20":{"start":{"line":95,"column":6},"end":{"line":95,"column":31}},"21":{"start":{"line":96,"column":6},"end":{"line":99,"column":9}},"22":{"start":{"line":106,"column":11},"end":{"line":139,"column":3}},"23":{"start":{"line":107,"column":4},"end":{"line":138,"column":5}},"24":{"start":{"line":108,"column":17},"end":{"line":108,"column":29}},"25":{"start":{"line":110,"column":6},"end":{"line":113,"column":9}},"26":{"start":{"line":116,"column":6},"end":{"line":116,"column":38}},"27":{"start":{"line":118,"column":21},"end":{"line":118,"column":76}},"28":{"start":{"line":121,"column":6},"end":{"line":121,"column":40}},"29":{"start":{"line":123,"column":6},"end":{"line":126,"column":9}},"30":{"start":{"line":128,"column":6},"end":{"line":131,"column":9}},"31":{"start":{"line":133,"column":6},"end":{"line":133,"column":31}},"32":{"start":{"line":134,"column":6},"end":{"line":137,"column":9}},"33":{"start":{"line":144,"column":15},"end":{"line":194,"column":3}},"34":{"start":{"line":145,"column":4},"end":{"line":193,"column":5}},"35":{"start":{"line":146,"column":21},"end":{"line":146,"column":35}},"36":{"start":{"line":147,"column":17},"end":{"line":147,"column":29}},"37":{"start":{"line":149,"column":6},"end":{"line":152,"column":9}},"38":{"start":{"line":155,"column":6},"end":{"line":155,"column":44}},"39":{"start":{"line":157,"column":21},"end":{"line":161,"column":7}},"40":{"start":{"line":163,"column":6},"end":{"line":173,"column":7}},"41":{"start":{"line":164,"column":8},"end":{"line":167,"column":11}},"42":{"start":{"line":169,"column":8},"end":{"line":172,"column":11}},"43":{"start":{"line":176,"column":6},"end":{"line":176,"column":40}},"44":{"start":{"line":178,"column":6},"end":{"line":181,"column":9}},"45":{"start":{"line":183,"column":6},"end":{"line":186,"column":8}},"46":{"start":{"line":188,"column":6},"end":{"line":188,"column":31}},"47":{"start":{"line":189,"column":6},"end":{"line":192,"column":9}},"48":{"start":{"line":199,"column":15},"end":{"line":238,"column":3}},"49":{"start":{"line":200,"column":4},"end":{"line":237,"column":5}},"50":{"start":{"line":201,"column":21},"end":{"line":201,"column":35}},"51":{"start":{"line":203,"column":6},"end":{"line":206,"column":9}},"52":{"start":{"line":208,"column":22},"end":{"line":208,"column":75}},"53":{"start":{"line":210,"column":6},"end":{"line":220,"column":7}},"54":{"start":{"line":211,"column":8},"end":{"line":214,"column":11}},"55":{"start":{"line":216,"column":8},"end":{"line":219,"column":11}},"56":{"start":{"line":222,"column":6},"end":{"line":225,"column":9}},"57":{"start":{"line":227,"column":6},"end":{"line":230,"column":8}},"58":{"start":{"line":232,"column":6},"end":{"line":232,"column":31}},"59":{"start":{"line":233,"column":6},"end":{"line":236,"column":9}}},"fnMap":{"0":{"name":"(anonymous_0)","decl":{"start":{"line":7,"column":2},"end":{"line":7,"column":3}},"loc":{"start":{"line":7,"column":30},"end":{"line":9,"column":3}},"line":7},"1":{"name":"(anonymous_1)","decl":{"start":{"line":12,"column":2},"end":{"line":12,"column":3}},"loc":{"start":{"line":12,"column":22},"end":{"line":14,"column":3}},"line":12},"2":{"name":"(anonymous_2)","decl":{"start":{"line":17,"column":2},"end":{"line":17,"column":3}},"loc":{"start":{"line":17,"column":31},"end":{"line":19,"column":3}},"line":17},"3":{"name":"(anonymous_3)","decl":{"start":{"line":22,"column":2},"end":{"line":22,"column":3}},"loc":{"start":{"line":22,"column":28},"end":{"line":24,"column":3}},"line":22},"4":{"name":"(anonymous_4)","decl":{"start":{"line":27,"column":2},"end":{"line":27,"column":3}},"loc":{"start":{"line":27,"column":31},"end":{"line":29,"column":3}},"line":27},"5":{"name":"(anonymous_5)","decl":{"start":{"line":34,"column":11},"end":{"line":34,"column":12}},"loc":{"start":{"line":34,"column":37},"end":{"line":62,"column":3}},"line":34},"6":{"name":"(anonymous_6)","decl":{"start":{"line":67,"column":12},"end":{"line":67,"column":13}},"loc":{"start":{"line":67,"column":38},"end":{"line":101,"column":3}},"line":67},"7":{"name":"(anonymous_7)","decl":{"start":{"line":106,"column":11},"end":{"line":106,"column":12}},"loc":{"start":{"line":106,"column":37},"end":{"line":139,"column":3}},"line":106},"8":{"name":"(anonymous_8)","decl":{"start":{"line":144,"column":15},"end":{"line":144,"column":16}},"loc":{"start":{"line":144,"column":41},"end":{"line":194,"column":3}},"line":144},"9":{"name":"(anonymous_9)","decl":{"start":{"line":199,"column":15},"end":{"line":199,"column":16}},"loc":{"start":{"line":199,"column":41},"end":{"line":238,"column":3}},"line":199}},"branchMap":{"0":{"loc":{"start":{"line":46,"column":14},"end":{"line":46,"column":33}},"type":"binary-expr","locations":[{"start":{"line":46,"column":14},"end":{"line":46,"column":28}},{"start":{"line":46,"column":32},"end":{"line":46,"column":33}}],"line":46},"1":{"loc":{"start":{"line":47,"column":15},"end":{"line":47,"column":36}},"type":"binary-expr","locations":[{"start":{"line":47,"column":15},"end":{"line":47,"column":30}},{"start":{"line":47,"column":34},"end":{"line":47,"column":36}}],"line":47},"2":{"loc":{"start":{"line":78,"column":6},"end":{"line":88,"column":7}},"type":"if","locations":[{"start":{"line":78,"column":6},"end":{"line":88,"column":7}},{"start":{},"end":{}}],"line":78},"3":{"loc":{"start":{"line":163,"column":6},"end":{"line":173,"column":7}},"type":"if","locations":[{"start":{"line":163,"column":6},"end":{"line":173,"column":7}},{"start":{},"end":{}}],"line":163},"4":{"loc":{"start":{"line":210,"column":6},"end":{"line":220,"column":7}},"type":"if","locations":[{"start":{"line":210,"column":6},"end":{"line":220,"column":7}},{"start":{},"end":{}}],"line":210}},"s":{"0":16,"1":2,"2":3,"3":16,"4":2,"5":2,"6":2,"7":2,"8":1,"9":1,"10":1,"11":16,"12":3,"13":3,"14":3,"15":3,"16":2,"17":1,"18":1,"19":1,"20":1,"21":1,"22":16,"23":2,"24":2,"25":2,"26":2,"27":2,"28":1,"29":1,"30":1,"31":1,"32":1,"33":16,"34":3,"35":3,"36":3,"37":3,"38":3,"39":3,"40":2,"41":1,"42":1,"43":1,"44":1,"45":1,"46":1,"47":1,"48":16,"49":3,"50":3,"51":3,"52":3,"53":2,"54":1,"55":1,"56":1,"57":1,"58":1,"59":1},"f":{"0":16,"1":2,"2":1,"3":3,"4":1,"5":2,"6":3,"7":2,"8":3,"9":3},"b":{"0":[2,2],"1":[2,2],"2":[1,1],"3":[1,1],"4":[1,1]},"_coverageSchema":"1a1c01bbd47fc00a2c39e90264f33305004495a9","hash":"2ed28a99138fb033686d156ce8983d3b0edbd483"}
,"/Users/subhani/Desktop/Own-projects/Task/yavar/backend/routes/router.js": {"path":"/Users/subhani/Desktop/Own-projects/Task/yavar/backend/routes/router.js","statementMap":{"0":{"start":{"line":7,"column":26},"end":{"line":7,"column":49}},"1":{"start":{"line":8,"column":21},"end":{"line":8,"column":48}},"2":{"start":{"line":9,"column":24},"end":{"line":9,"column":45}},"3":{"start":{"line":15,"column":2},"end":{"line":15,"column":41}},"4":{"start":{"line":16,"column":2},"end":{"line":16,"column":51}},"5":{"start":{"line":17,"column":2},"end":{"line":17,"column":42}},"6":{"start":{"line":18,"column":2},"end":{"line":18,"column":54}},"7":{"start":{"line":19,"column":2},"end":{"line":19,"column":57}},"8":{"start":{"line":28,"column":2},"end":{"line":28,"column":33}},"9":{"start":{"line":31,"column":2},"end":{"line":31,"column":61}},"10":{"start":{"line":38,"column":2},"end":{"line":38,"column":66}},"11":{"start":{"line":41,"column":2},"end":{"line":41,"column":61}},"12":{"start":{"line":42,"column":2},"end":{"line":42,"column":66}},"13":{"start":{"line":45,"column":2},"end":{"line":45,"column":57}},"14":{"start":{"line":46,"column":2},"end":{"line":46,"column":62}}},"fnMap":{"0":{"name":"registerCrudRoutes","decl":{"start":{"line":14,"column":9},"end":{"line":14,"column":27}},"loc":{"start":{"line":14,"column":57},"end":{"line":20,"column":1}},"line":14},"1":{"name":"router","decl":{"start":{"line":25,"column":30},"end":{"line":25,"column":36}},"loc":{"start":{"line":25,"column":55},"end":{"line":47,"column":1}},"line":25}},"branchMap":{},"s":{"0":1,"1":1,"2":1,"3":6,"4":6,"5":6,"6":6,"7":6,"8":1,"9":1,"10":1,"11":1,"12":1,"13":1,"14":1},"f":{"0":6,"1":1},"b":{},"_coverageSchema":"1a1c01bbd47fc00a2c39e90264f33305004495a9","hash":"59467a875b0fdf21f725d0fd0beb11e0d1936413"}
,"/Users/subhani/Desktop/Own-projects/Task/yavar/backend/services/database.js": {"path":"/Users/subhani/Desktop/Own-projects/Task/yavar/backend/services/database.js","statementMap":{"0":{"start":{"line":6,"column":19},"end":{"line":12,"column":1}},"1":{"start":{"line":7,"column":2},"end":{"line":11,"column":3}},"2":{"start":{"line":8,"column":4},"end":{"line":8,"column":28}},"3":{"start":{"line":10,"column":4},"end":{"line":10,"column":14}},"4":{"start":{"line":19,"column":13},"end":{"line":19,"column":20}},"5":{"start":{"line":20,"column":21},"end":{"line":20,"column":50}},"6":{"start":{"line":22,"column":15},"end":{"line":22,"column":33}},"7":{"start":{"line":25,"column":14},"end":{"line":25,"column":16}},"8":{"start":{"line":26,"column":2},"end":{"line":29,"column":3}},"9":{"start":{"line":28,"column":4},"end":{"line":28,"column":43}},"10":{"start":{"line":31,"column":24},"end":{"line":34,"column":4}},"11":{"start":{"line":36,"column":2},"end":{"line":44,"column":4}},"12":{"start":{"line":49,"column":13},"end":{"line":49,"column":20}},"13":{"start":{"line":50,"column":21},"end":{"line":50,"column":50}},"14":{"start":{"line":51,"column":19},"end":{"line":51,"column":33}},"15":{"start":{"line":54,"column":17},"end":{"line":56,"column":4}},"16":{"start":{"line":58,"column":2},"end":{"line":58,"column":16}},"17":{"start":{"line":63,"column":13},"end":{"line":63,"column":20}},"18":{"start":{"line":64,"column":21},"end":{"line":64,"column":50}},"19":{"start":{"line":66,"column":17},"end":{"line":70,"column":4}},"20":{"start":{"line":72,"column":2},"end":{"line":75,"column":4}},"21":{"start":{"line":80,"column":13},"end":{"line":80,"column":20}},"22":{"start":{"line":81,"column":21},"end":{"line":81,"column":50}},"23":{"start":{"line":82,"column":19},"end":{"line":82,"column":33}},"24":{"start":{"line":85,"column":33},"end":{"line":85,"column":37}},"25":{"start":{"line":87,"column":17},"end":{"line":96,"column":3}},"26":{"start":{"line":98,"column":2},"end":{"line":98,"column":16}},"27":{"start":{"line":103,"column":13},"end":{"line":103,"column":20}},"28":{"start":{"line":104,"column":21},"end":{"line":104,"column":50}},"29":{"start":{"line":105,"column":19},"end":{"line":105,"column":33}},"30":{"start":{"line":107,"column":17},"end":{"line":109,"column":4}},"31":{"start":{"line":111,"column":2},"end":{"line":111,"column":33}},"32":{"start":{"line":116,"column":13},"end":{"line":116,"column":20}},"33":{"start":{"line":117,"column":21},"end":{"line":117,"column":50}},"34":{"start":{"line":119,"column":16},"end":{"line":119,"column":49}},"35":{"start":{"line":121,"column":2},"end":{"line":124,"column":4}}},"fnMap":{"0":{"name":"(anonymous_0)","decl":{"start":{"line":6,"column":19},"end":{"line":6,"column":20}},"loc":{"start":{"line":6,"column":27},"end":{"line":12,"column":1}},"line":6},"1":{"name":"getAllRecords","decl":{"start":{"line":15,"column":22},"end":{"line":15,"column":35}},"loc":{"start":{"line":18,"column":2},"end":{"line":45,"column":1}},"line":18},"2":{"name":"getRecordById","decl":{"start":{"line":48,"column":22},"end":{"line":48,"column":35}},"loc":{"start":{"line":48,"column":56},"end":{"line":59,"column":1}},"line":48},"3":{"name":"createRecord","decl":{"start":{"line":62,"column":22},"end":{"line":62,"column":34}},"loc":{"start":{"line":62,"column":57},"end":{"line":76,"column":1}},"line":62},"4":{"name":"updateRecord","decl":{"start":{"line":79,"column":22},"end":{"line":79,"column":34}},"loc":{"start":{"line":79,"column":61},"end":{"line":99,"column":1}},"line":79},"5":{"name":"deleteRecord","decl":{"start":{"line":102,"column":22},"end":{"line":102,"column":34}},"loc":{"start":{"line":102,"column":55},"end":{"line":112,"column":1}},"line":102},"6":{"name":"getCollectionStats","decl":{"start":{"line":115,"column":22},"end":{"line":115,"column":40}},"loc":{"start":{"line":115,"column":57},"end":{"line":125,"column":1}},"line":115}},"branchMap":{"0":{"loc":{"start":{"line":17,"column":2},"end":{"line":17,"column":44}},"type":"default-arg","locations":[{"start":{"line":17,"column":42},"end":{"line":17,"column":44}}],"line":17},"1":{"loc":{"start":{"line":17,"column":4},"end":{"line":17,"column":12}},"type":"default-arg","locations":[{"start":{"line":17,"column":11},"end":{"line":17,"column":12}}],"line":17},"2":{"loc":{"start":{"line":17,"column":14},"end":{"line":17,"column":24}},"type":"default-arg","locations":[{"start":{"line":17,"column":22},"end":{"line":17,"column":24}}],"line":17},"3":{"loc":{"start":{"line":17,"column":26},"end":{"line":17,"column":37}},"type":"default-arg","locations":[{"start":{"line":17,"column":35},"end":{"line":17,"column":37}}],"line":17},"4":{"loc":{"start":{"line":26,"column":2},"end":{"line":29,"column":3}},"type":"if","locations":[{"start":{"line":26,"column":2},"end":{"line":29,"column":3}},{"start":{},"end":{}}],"line":26}},"s":{"0":2,"1":5,"2":5,"3":2,"4":2,"5":2,"6":2,"7":2,"8":2,"9":1,"10":2,"11":2,"12":2,"13":2,"14":2,"15":2,"16":2,"17":1,"18":1,"19":1,"20":1,"21":1,"22":1,"23":1,"24":1,"25":1,"26":1,"27":2,"28":2,"29":2,"30":2,"31":2,"32":1,"33":1,"34":1,"35":1},"f":{"0":5,"1":2,"2":2,"3":1,"4":1,"5":2,"6":1},"b":{"0":[1],"1":[2],"2":[2],"3":[1],"4":[1,1]},"_coverageSchema":"1a1c01bbd47fc00a2c39e90264f33305004495a9","hash":"63017e3564c2b0fee221058972a3f920a8190eb0"}
}
