TN:
SF:controllers/HrAnalyticsController.js
FN:5,(anonymous_0)
FNF:1
FNH:1
FNDA:1,(anonymous_0)
DA:6,1
LF:1
LH:1
BRF:0
BRH:0
end_of_record
TN:
SF:controllers/NetflixController.js
FN:5,(anonymous_0)
FNF:1
FNH:1
FNDA:1,(anonymous_0)
DA:6,1
LF:1
LH:1
BRF:0
BRH:0
end_of_record
TN:
SF:controllers/SalesController.js
FN:5,(anonymous_0)
FNF:1
FNH:1
FNDA:1,(anonymous_0)
DA:6,1
LF:1
LH:1
BRF:0
BRH:0
end_of_record
TN:
SF:db/connection.js
FN:11,connectDB
FN:23,getDB
FN:30,closeDB
FNF:3
FNH:3
FNDA:2,connectDB
FNDA:2,getDB
FNDA:1,closeDB
DA:4,1
DA:6,1
DA:7,1
DA:9,1
DA:12,2
DA:13,2
DA:14,1
DA:15,1
DA:16,1
DA:18,1
DA:19,1
DA:24,2
DA:25,1
DA:27,1
DA:31,1
DA:32,1
DA:36,1
LF:17
LH:17
BRDA:6,0,0,1
BRDA:6,0,1,1
BRDA:24,1,0,1
BRDA:24,1,1,1
BRF:4
BRH:4
end_of_record
TN:
SF:db/schemas.js
FN:119,getSchema
FN:128,getAvailableDatasets
FN:129,(anonymous_2)
FNF:3
FNH:3
FNDA:4,getSchema
FNDA:1,getAvailableDatasets
FNDA:3,(anonymous_2)
DA:4,3
DA:120,4
DA:121,4
DA:122,1
DA:124,3
DA:129,3
LF:6
LH:6
BRDA:121,0,0,1
BRDA:121,0,1,3
BRF:2
BRH:2
end_of_record
TN:
SF:helper/RestController.js
FN:7,(anonymous_0)
FN:12,(anonymous_1)
FN:17,(anonymous_2)
FN:22,(anonymous_3)
FN:27,(anonymous_4)
FN:34,(anonymous_5)
FN:67,(anonymous_6)
FN:106,(anonymous_7)
FN:144,(anonymous_8)
FN:199,(anonymous_9)
FNF:10
FNH:10
FNDA:16,(anonymous_0)
FNDA:2,(anonymous_1)
FNDA:1,(anonymous_2)
FNDA:3,(anonymous_3)
FNDA:1,(anonymous_4)
FNDA:2,(anonymous_5)
FNDA:3,(anonymous_6)
FNDA:2,(anonymous_7)
FNDA:3,(anonymous_8)
FNDA:3,(anonymous_9)
DA:8,16
DA:13,2
DA:23,3
DA:34,16
DA:35,2
DA:36,2
DA:38,2
DA:45,2
DA:51,1
DA:56,1
DA:57,1
DA:67,16
DA:68,3
DA:69,3
DA:71,3
DA:76,3
DA:78,2
DA:79,1
DA:84,1
DA:90,1
DA:95,1
DA:96,1
DA:106,16
DA:107,2
DA:108,2
DA:110,2
DA:116,2
DA:118,2
DA:121,1
DA:123,1
DA:128,1
DA:133,1
DA:134,1
DA:144,16
DA:145,3
DA:146,3
DA:147,3
DA:149,3
DA:155,3
DA:157,3
DA:163,2
DA:164,1
DA:169,1
DA:176,1
DA:178,1
DA:183,1
DA:188,1
DA:189,1
DA:199,16
DA:200,3
DA:201,3
DA:203,3
DA:208,3
DA:210,2
DA:211,1
DA:216,1
DA:222,1
DA:227,1
DA:232,1
DA:233,1
LF:60
LH:60
BRDA:46,0,0,2
BRDA:46,0,1,2
BRDA:47,1,0,2
BRDA:47,1,1,2
BRDA:78,2,0,1
BRDA:78,2,1,1
BRDA:163,3,0,1
BRDA:163,3,1,1
BRDA:210,4,0,1
BRDA:210,4,1,1
BRF:10
BRH:10
end_of_record
TN:
SF:routes/router.js
FN:14,registerCrudRoutes
FN:25,router
FNF:2
FNH:2
FNDA:6,registerCrudRoutes
FNDA:1,router
DA:7,1
DA:8,1
DA:9,1
DA:15,6
DA:16,6
DA:17,6
DA:18,6
DA:19,6
DA:28,1
DA:31,1
DA:38,1
DA:41,1
DA:42,1
DA:45,1
DA:46,1
LF:15
LH:15
BRF:0
BRH:0
end_of_record
TN:
SF:services/database.js
FN:6,(anonymous_0)
FN:15,getAllRecords
FN:48,getRecordById
FN:62,createRecord
FN:79,updateRecord
FN:102,deleteRecord
FN:115,getCollectionStats
FNF:7
FNH:7
FNDA:5,(anonymous_0)
FNDA:2,getAllRecords
FNDA:2,getRecordById
FNDA:1,createRecord
FNDA:1,updateRecord
FNDA:2,deleteRecord
FNDA:1,getCollectionStats
DA:6,2
DA:7,5
DA:8,5
DA:10,2
DA:19,2
DA:20,2
DA:22,2
DA:25,2
DA:26,2
DA:28,1
DA:31,2
DA:36,2
DA:49,2
DA:50,2
DA:51,2
DA:54,2
DA:58,2
DA:63,1
DA:64,1
DA:66,1
DA:72,1
DA:80,1
DA:81,1
DA:82,1
DA:85,1
DA:87,1
DA:98,1
DA:103,2
DA:104,2
DA:105,2
DA:107,2
DA:111,2
DA:116,1
DA:117,1
DA:119,1
DA:121,1
LF:36
LH:36
BRDA:17,0,0,1
BRDA:17,1,0,2
BRDA:17,2,0,2
BRDA:17,3,0,1
BRDA:26,4,0,1
BRDA:26,4,1,1
BRF:6
BRH:6
end_of_record
